"2024-10-01 16:37:38,749 INFO  [restartedMain] com.karataspartners.legal_analysis.LegalAnalysisApplication:Starting LegalAnalysisApplication using Java 21.0.2 with PID 71240 (C:\Users\suleyman\Downloads\legal_analysis\legal_analysis-main\legal-analysis\target\classes started by suleyman in C:\Users\suleyman\Downloads\legal_analysis)
""2024-10-01 16:37:38,774 INFO  [restartedMain] com.karataspartners.legal_analysis.LegalAnalysisApplication:No active profile set, falling back to 1 default profile: "default"
""2024-10-01 16:37:38,913 INFO  [restartedMain] org.springframework.boot.devtools.env.DevToolsPropertyDefaultsPostProcessor:Devtools property defaults active! Set 'spring.devtools.add-properties' to 'false' to disable
""2024-10-01 16:37:38,914 INFO  [restartedMain] org.springframework.boot.devtools.env.DevToolsPropertyDefaultsPostProcessor:For additional web related logging consider setting the 'logging.level.web' property to 'DEBUG'
""2024-10-01 16:37:40,094 INFO  [restartedMain] org.springframework.data.repository.config.RepositoryConfigurationDelegate:Bootstrapping Spring Data JPA repositories in DEFAULT mode.
""2024-10-01 16:37:40,194 INFO  [restartedMain] org.springframework.data.repository.config.RepositoryConfigurationDelegate:Finished Spring Data repository scanning in 84 ms. Found 3 JPA repository interfaces.
""2024-10-01 16:37:41,142 INFO  [restartedMain] org.springframework.boot.web.embedded.tomcat.TomcatWebServer:Tomcat initialized with port 8080 (http)
""2024-10-01 16:37:41,165 INFO  [restartedMain] org.apache.catalina.core.StandardService:Starting service [Tomcat]
""2024-10-01 16:37:41,165 INFO  [restartedMain] org.apache.catalina.core.StandardEngine:Starting Servlet engine: [Apache Tomcat/10.1.30]
""2024-10-01 16:37:41,243 INFO  [restartedMain] org.apache.catalina.core.ContainerBase.[Tomcat].[localhost].[/]:Initializing Spring embedded WebApplicationContext
""2024-10-01 16:37:41,244 INFO  [restartedMain] org.springframework.boot.web.servlet.context.ServletWebServerApplicationContext:Root WebApplicationContext: initialization completed in 2329 ms
""2024-10-01 16:37:41,837 INFO  [restartedMain] org.hibernate.jpa.internal.util.LogHelper:HHH000204: Processing PersistenceUnitInfo [name: default]
""2024-10-01 16:37:41,973 INFO  [restartedMain] org.hibernate.Version:HHH000412: Hibernate ORM core version 6.4.10.Final
""2024-10-01 16:37:42,034 INFO  [restartedMain] org.hibernate.cache.internal.RegionFactoryInitiator:HHH000026: Second-level cache disabled
""2024-10-01 16:37:42,372 INFO  [restartedMain] org.springframework.orm.jpa.persistenceunit.SpringPersistenceUnitInfo:No LoadTimeWeaver setup: ignoring JPA class transformer
""2024-10-01 16:37:42,408 INFO  [restartedMain] com.zaxxer.hikari.HikariDataSource:HikariPool-1 - Starting...
""2024-10-01 16:37:42,802 INFO  [restartedMain] com.zaxxer.hikari.pool.HikariPool:HikariPool-1 - Added connection org.postgresql.jdbc.PgConnection@681df83e
""2024-10-01 16:37:42,804 INFO  [restartedMain] com.zaxxer.hikari.HikariDataSource:HikariPool-1 - Start completed.
""2024-10-01 16:37:42,866 WARN  [restartedMain] org.hibernate.orm.deprecation:HHH90000025: PostgreSQLDialect does not need to be specified explicitly using 'hibernate.dialect' (remove the property setting and it will be selected by default)
""2024-10-01 16:37:44,241 INFO  [restartedMain] org.hibernate.engine.transaction.jta.platform.internal.JtaPlatformInitiator:HHH000489: No JTA platform available (set 'hibernate.transaction.jta.platform' to enable JTA platform integration)
""2024-10-01 16:37:44,447 INFO  [restartedMain] org.springframework.orm.jpa.LocalContainerEntityManagerFactoryBean:Initialized JPA EntityManagerFactory for persistence unit 'default'
""2024-10-01 16:37:45,237 WARN  [restartedMain] org.springframework.boot.autoconfigure.orm.jpa.JpaBaseConfiguration$JpaWebConfiguration:spring.jpa.open-in-view is enabled by default. Therefore, database queries may be performed during view rendering. Explicitly configure spring.jpa.open-in-view to disable this warning
""2024-10-01 16:37:46,111 INFO  [restartedMain] org.springframework.boot.devtools.autoconfigure.OptionalLiveReloadServer:LiveReload server is running on port 35729
""2024-10-01 16:37:46,192 INFO  [restartedMain] org.springframework.boot.web.embedded.tomcat.TomcatWebServer:Tomcat started on port 8080 (http) with context path ''
""2024-10-01 16:37:46,215 INFO  [restartedMain] com.karataspartners.legal_analysis.LegalAnalysisApplication:Started LegalAnalysisApplication in 8.453 seconds (process running for 9.284)
""2024-10-01 16:39:26,221 INFO  [SpringApplicationShutdownHook] org.springframework.orm.jpa.LocalContainerEntityManagerFactoryBean:Closing JPA EntityManagerFactory for persistence unit 'default'
""2024-10-01 16:39:26,353 INFO  [SpringApplicationShutdownHook] com.zaxxer.hikari.HikariDataSource:HikariPool-1 - Shutdown initiated...
""2024-10-01 16:39:26,399 INFO  [SpringApplicationShutdownHook] com.zaxxer.hikari.HikariDataSource:HikariPool-1 - Shutdown completed.
""2024-10-01 16:39:40,935 INFO  [restartedMain] com.karataspartners.legal_analysis.LegalAnalysisApplication:Starting LegalAnalysisApplication using Java 21.0.2 with PID 64560 (C:\Users\suleyman\Downloads\legal_analysis\legal_analysis-main\legal-analysis\target\classes started by suleyman in C:\Users\suleyman\Downloads\legal_analysis)
""2024-10-01 16:39:40,937 INFO  [restartedMain] com.karataspartners.legal_analysis.LegalAnalysisApplication:No active profile set, falling back to 1 default profile: "default"
""2024-10-01 16:39:41,044 INFO  [restartedMain] org.springframework.boot.devtools.env.DevToolsPropertyDefaultsPostProcessor:Devtools property defaults active! Set 'spring.devtools.add-properties' to 'false' to disable
""2024-10-01 16:39:41,044 INFO  [restartedMain] org.springframework.boot.devtools.env.DevToolsPropertyDefaultsPostProcessor:For additional web related logging consider setting the 'logging.level.web' property to 'DEBUG'
""2024-10-01 16:39:42,399 INFO  [restartedMain] org.springframework.data.repository.config.RepositoryConfigurationDelegate:Bootstrapping Spring Data JPA repositories in DEFAULT mode.
""2024-10-01 16:39:42,499 INFO  [restartedMain] org.springframework.data.repository.config.RepositoryConfigurationDelegate:Finished Spring Data repository scanning in 87 ms. Found 3 JPA repository interfaces.
""2024-10-01 16:39:43,368 INFO  [restartedMain] org.springframework.boot.web.embedded.tomcat.TomcatWebServer:Tomcat initialized with port 8080 (http)
""2024-10-01 16:39:43,390 INFO  [restartedMain] org.apache.catalina.core.StandardService:Starting service [Tomcat]
""2024-10-01 16:39:43,390 INFO  [restartedMain] org.apache.catalina.core.StandardEngine:Starting Servlet engine: [Apache Tomcat/10.1.30]
""2024-10-01 16:39:43,480 INFO  [restartedMain] org.apache.catalina.core.ContainerBase.[Tomcat].[localhost].[/]:Initializing Spring embedded WebApplicationContext
""2024-10-01 16:39:43,481 INFO  [restartedMain] org.springframework.boot.web.servlet.context.ServletWebServerApplicationContext:Root WebApplicationContext: initialization completed in 2435 ms
""2024-10-01 16:39:43,761 INFO  [restartedMain] org.hibernate.jpa.internal.util.LogHelper:HHH000204: Processing PersistenceUnitInfo [name: default]
""2024-10-01 16:39:43,866 INFO  [restartedMain] org.hibernate.Version:HHH000412: Hibernate ORM core version 6.4.10.Final
""2024-10-01 16:39:43,929 INFO  [restartedMain] org.hibernate.cache.internal.RegionFactoryInitiator:HHH000026: Second-level cache disabled
""2024-10-01 16:39:44,298 INFO  [restartedMain] org.springframework.orm.jpa.persistenceunit.SpringPersistenceUnitInfo:No LoadTimeWeaver setup: ignoring JPA class transformer
""2024-10-01 16:39:44,334 INFO  [restartedMain] com.zaxxer.hikari.HikariDataSource:HikariPool-1 - Starting...
""2024-10-01 16:39:44,684 INFO  [restartedMain] com.zaxxer.hikari.pool.HikariPool:HikariPool-1 - Added connection org.postgresql.jdbc.PgConnection@582ca93d
""2024-10-01 16:39:44,686 INFO  [restartedMain] com.zaxxer.hikari.HikariDataSource:HikariPool-1 - Start completed.
""2024-10-01 16:39:44,739 WARN  [restartedMain] org.hibernate.orm.deprecation:HHH90000025: PostgreSQLDialect does not need to be specified explicitly using 'hibernate.dialect' (remove the property setting and it will be selected by default)
""2024-10-01 16:39:46,168 INFO  [restartedMain] org.hibernate.engine.transaction.jta.platform.internal.JtaPlatformInitiator:HHH000489: No JTA platform available (set 'hibernate.transaction.jta.platform' to enable JTA platform integration)
""2024-10-01 16:39:46,349 INFO  [restartedMain] org.springframework.orm.jpa.LocalContainerEntityManagerFactoryBean:Initialized JPA EntityManagerFactory for persistence unit 'default'
""2024-10-01 16:39:47,220 WARN  [restartedMain] org.springframework.boot.autoconfigure.orm.jpa.JpaBaseConfiguration$JpaWebConfiguration:spring.jpa.open-in-view is enabled by default. Therefore, database queries may be performed during view rendering. Explicitly configure spring.jpa.open-in-view to disable this warning
""2024-10-01 16:39:47,924 INFO  [restartedMain] org.springframework.boot.devtools.autoconfigure.OptionalLiveReloadServer:LiveReload server is running on port 35729
""2024-10-01 16:39:48,017 INFO  [restartedMain] org.springframework.boot.web.embedded.tomcat.TomcatWebServer:Tomcat started on port 8080 (http) with context path ''
""2024-10-01 16:39:48,039 INFO  [restartedMain] com.karataspartners.legal_analysis.LegalAnalysisApplication:Started LegalAnalysisApplication in 7.794 seconds (process running for 8.554)
""2024-10-01 16:44:04,802 INFO  [SpringApplicationShutdownHook] org.springframework.orm.jpa.LocalContainerEntityManagerFactoryBean:Closing JPA EntityManagerFactory for persistence unit 'default'
""2024-10-01 16:44:04,861 INFO  [SpringApplicationShutdownHook] com.zaxxer.hikari.HikariDataSource:HikariPool-1 - Shutdown initiated...
""2024-10-01 16:44:04,878 INFO  [SpringApplicationShutdownHook] com.zaxxer.hikari.HikariDataSource:HikariPool-1 - Shutdown completed.
""2024-10-01 16:44:26,589 INFO  [restartedMain] com.karataspartners.legal_analysis.LegalAnalysisApplication:Starting LegalAnalysisApplication using Java 21.0.2 with PID 74680 (C:\Users\suleyman\Downloads\legal_analysis\legal_analysis-main\legal-analysis\target\classes started by suleyman in C:\Users\suleyman\Downloads\legal_analysis)
""2024-10-01 16:44:26,592 INFO  [restartedMain] com.karataspartners.legal_analysis.LegalAnalysisApplication:No active profile set, falling back to 1 default profile: "default"
""2024-10-01 16:44:26,652 INFO  [restartedMain] org.springframework.boot.devtools.env.DevToolsPropertyDefaultsPostProcessor:Devtools property defaults active! Set 'spring.devtools.add-properties' to 'false' to disable
""2024-10-01 16:44:26,652 INFO  [restartedMain] org.springframework.boot.devtools.env.DevToolsPropertyDefaultsPostProcessor:For additional web related logging consider setting the 'logging.level.web' property to 'DEBUG'
""2024-10-01 16:44:27,558 INFO  [restartedMain] org.springframework.data.repository.config.RepositoryConfigurationDelegate:Bootstrapping Spring Data JPA repositories in DEFAULT mode.
""2024-10-01 16:44:27,639 INFO  [restartedMain] org.springframework.data.repository.config.RepositoryConfigurationDelegate:Finished Spring Data repository scanning in 71 ms. Found 3 JPA repository interfaces.
""2024-10-01 16:44:28,417 INFO  [restartedMain] org.springframework.boot.web.embedded.tomcat.TomcatWebServer:Tomcat initialized with port 8080 (http)
""2024-10-01 16:44:28,436 INFO  [restartedMain] org.apache.catalina.core.StandardService:Starting service [Tomcat]
""2024-10-01 16:44:28,436 INFO  [restartedMain] org.apache.catalina.core.StandardEngine:Starting Servlet engine: [Apache Tomcat/10.1.30]
""2024-10-01 16:44:28,506 INFO  [restartedMain] org.apache.catalina.core.ContainerBase.[Tomcat].[localhost].[/]:Initializing Spring embedded WebApplicationContext
""2024-10-01 16:44:28,506 INFO  [restartedMain] org.springframework.boot.web.servlet.context.ServletWebServerApplicationContext:Root WebApplicationContext: initialization completed in 1853 ms
""2024-10-01 16:44:28,739 INFO  [restartedMain] org.hibernate.jpa.internal.util.LogHelper:HHH000204: Processing PersistenceUnitInfo [name: default]
""2024-10-01 16:44:28,825 INFO  [restartedMain] org.hibernate.Version:HHH000412: Hibernate ORM core version 6.4.10.Final
""2024-10-01 16:44:28,875 INFO  [restartedMain] org.hibernate.cache.internal.RegionFactoryInitiator:HHH000026: Second-level cache disabled
""2024-10-01 16:44:29,197 INFO  [restartedMain] org.springframework.orm.jpa.persistenceunit.SpringPersistenceUnitInfo:No LoadTimeWeaver setup: ignoring JPA class transformer
""2024-10-01 16:44:29,243 INFO  [restartedMain] com.zaxxer.hikari.HikariDataSource:HikariPool-1 - Starting...
""2024-10-01 16:44:29,565 INFO  [restartedMain] com.zaxxer.hikari.pool.HikariPool:HikariPool-1 - Added connection org.postgresql.jdbc.PgConnection@50d0f418
""2024-10-01 16:44:29,566 INFO  [restartedMain] com.zaxxer.hikari.HikariDataSource:HikariPool-1 - Start completed.
""2024-10-01 16:44:29,609 WARN  [restartedMain] org.hibernate.orm.deprecation:HHH90000025: PostgreSQLDialect does not need to be specified explicitly using 'hibernate.dialect' (remove the property setting and it will be selected by default)
""2024-10-01 16:44:30,703 INFO  [restartedMain] org.hibernate.engine.transaction.jta.platform.internal.JtaPlatformInitiator:HHH000489: No JTA platform available (set 'hibernate.transaction.jta.platform' to enable JTA platform integration)
""2024-10-01 16:44:30,829 INFO  [restartedMain] org.springframework.orm.jpa.LocalContainerEntityManagerFactoryBean:Initialized JPA EntityManagerFactory for persistence unit 'default'
""2024-10-01 16:44:31,604 WARN  [restartedMain] org.springframework.boot.autoconfigure.orm.jpa.JpaBaseConfiguration$JpaWebConfiguration:spring.jpa.open-in-view is enabled by default. Therefore, database queries may be performed during view rendering. Explicitly configure spring.jpa.open-in-view to disable this warning
""2024-10-01 16:44:32,209 INFO  [restartedMain] org.springframework.boot.devtools.autoconfigure.OptionalLiveReloadServer:LiveReload server is running on port 35729
""2024-10-01 16:44:32,253 INFO  [restartedMain] org.springframework.boot.web.embedded.tomcat.TomcatWebServer:Tomcat started on port 8080 (http) with context path ''
""2024-10-01 16:44:32,264 INFO  [restartedMain] com.karataspartners.legal_analysis.LegalAnalysisApplication:Started LegalAnalysisApplication in 6.338 seconds (process running for 7.001)
""2024-10-01 16:53:11,093 INFO  [SpringApplicationShutdownHook] org.springframework.orm.jpa.LocalContainerEntityManagerFactoryBean:Closing JPA EntityManagerFactory for persistence unit 'default'
""2024-10-01 16:53:11,342 INFO  [SpringApplicationShutdownHook] com.zaxxer.hikari.HikariDataSource:HikariPool-1 - Shutdown initiated...
""2024-10-01 16:53:11,417 INFO  [SpringApplicationShutdownHook] com.zaxxer.hikari.HikariDataSource:HikariPool-1 - Shutdown completed.
""2024-10-01 16:53:57,965 INFO  [restartedMain] com.karataspartners.legal_analysis.LegalAnalysisApplication:Starting LegalAnalysisApplication using Java 21.0.2 with PID 76480 (C:\Users\suleyman\Downloads\legal_analysis\legal_analysis-main\legal-analysis\target\classes started by suleyman in C:\Users\suleyman\Downloads\legal_analysis)
""2024-10-01 16:53:57,969 INFO  [restartedMain] com.karataspartners.legal_analysis.LegalAnalysisApplication:No active profile set, falling back to 1 default profile: "default"
""2024-10-01 16:53:58,053 INFO  [restartedMain] org.springframework.boot.devtools.env.DevToolsPropertyDefaultsPostProcessor:Devtools property defaults active! Set 'spring.devtools.add-properties' to 'false' to disable
""2024-10-01 16:53:58,053 INFO  [restartedMain] org.springframework.boot.devtools.env.DevToolsPropertyDefaultsPostProcessor:For additional web related logging consider setting the 'logging.level.web' property to 'DEBUG'
""2024-10-01 16:53:59,304 INFO  [restartedMain] org.springframework.data.repository.config.RepositoryConfigurationDelegate:Bootstrapping Spring Data JPA repositories in DEFAULT mode.
""2024-10-01 16:53:59,404 INFO  [restartedMain] org.springframework.data.repository.config.RepositoryConfigurationDelegate:Finished Spring Data repository scanning in 88 ms. Found 3 JPA repository interfaces.
""2024-10-01 16:54:00,289 INFO  [restartedMain] org.springframework.boot.web.embedded.tomcat.TomcatWebServer:Tomcat initialized with port 8080 (http)
""2024-10-01 16:54:00,317 INFO  [restartedMain] org.apache.catalina.core.StandardService:Starting service [Tomcat]
""2024-10-01 16:54:00,318 INFO  [restartedMain] org.apache.catalina.core.StandardEngine:Starting Servlet engine: [Apache Tomcat/10.1.30]
""2024-10-01 16:54:00,396 INFO  [restartedMain] org.apache.catalina.core.ContainerBase.[Tomcat].[localhost].[/]:Initializing Spring embedded WebApplicationContext
""2024-10-01 16:54:00,397 INFO  [restartedMain] org.springframework.boot.web.servlet.context.ServletWebServerApplicationContext:Root WebApplicationContext: initialization completed in 2343 ms
""2024-10-01 16:54:00,702 INFO  [restartedMain] org.hibernate.jpa.internal.util.LogHelper:HHH000204: Processing PersistenceUnitInfo [name: default]
""2024-10-01 16:54:00,814 INFO  [restartedMain] org.hibernate.Version:HHH000412: Hibernate ORM core version 6.4.10.Final
""2024-10-01 16:54:00,873 INFO  [restartedMain] org.hibernate.cache.internal.RegionFactoryInitiator:HHH000026: Second-level cache disabled
""2024-10-01 16:54:01,204 INFO  [restartedMain] org.springframework.orm.jpa.persistenceunit.SpringPersistenceUnitInfo:No LoadTimeWeaver setup: ignoring JPA class transformer
""2024-10-01 16:54:01,249 INFO  [restartedMain] com.zaxxer.hikari.HikariDataSource:HikariPool-1 - Starting...
""2024-10-01 16:54:01,669 INFO  [restartedMain] com.zaxxer.hikari.pool.HikariPool:HikariPool-1 - Added connection org.postgresql.jdbc.PgConnection@62063dd9
""2024-10-01 16:54:01,671 INFO  [restartedMain] com.zaxxer.hikari.HikariDataSource:HikariPool-1 - Start completed.
""2024-10-01 16:54:01,730 WARN  [restartedMain] org.hibernate.orm.deprecation:HHH90000025: PostgreSQLDialect does not need to be specified explicitly using 'hibernate.dialect' (remove the property setting and it will be selected by default)
""2024-10-01 16:54:03,052 INFO  [restartedMain] org.hibernate.engine.transaction.jta.platform.internal.JtaPlatformInitiator:HHH000489: No JTA platform available (set 'hibernate.transaction.jta.platform' to enable JTA platform integration)
""2024-10-01 16:54:03,239 INFO  [restartedMain] org.springframework.orm.jpa.LocalContainerEntityManagerFactoryBean:Initialized JPA EntityManagerFactory for persistence unit 'default'
""2024-10-01 16:54:04,269 WARN  [restartedMain] org.springframework.boot.autoconfigure.orm.jpa.JpaBaseConfiguration$JpaWebConfiguration:spring.jpa.open-in-view is enabled by default. Therefore, database queries may be performed during view rendering. Explicitly configure spring.jpa.open-in-view to disable this warning
""2024-10-01 16:54:04,968 INFO  [restartedMain] org.springframework.boot.devtools.autoconfigure.OptionalLiveReloadServer:LiveReload server is running on port 35729
""2024-10-01 16:54:05,030 INFO  [restartedMain] org.springframework.boot.web.embedded.tomcat.TomcatWebServer:Tomcat started on port 8080 (http) with context path ''
""2024-10-01 16:54:05,043 INFO  [restartedMain] com.karataspartners.legal_analysis.LegalAnalysisApplication:Started LegalAnalysisApplication in 7.727 seconds (process running for 8.433)
""2024-10-01 17:09:04,415 INFO  [SpringApplicationShutdownHook] org.springframework.orm.jpa.LocalContainerEntityManagerFactoryBean:Closing JPA EntityManagerFactory for persistence unit 'default'
""2024-10-01 17:09:04,478 INFO  [SpringApplicationShutdownHook] com.zaxxer.hikari.HikariDataSource:HikariPool-1 - Shutdown initiated...
""2024-10-01 17:09:04,499 INFO  [SpringApplicationShutdownHook] com.zaxxer.hikari.HikariDataSource:HikariPool-1 - Shutdown completed.
""2024-10-01 17:35:18,799 INFO  [restartedMain] com.karataspartners.legal_analysis.LegalAnalysisApplication:Starting LegalAnalysisApplication using Java 21.0.2 with PID 52740 (C:\Users\suleyman\Downloads\legal_analysis\legal_analysis-main\legal-analysis\target\classes started by suleyman in C:\Users\suleyman\Downloads\legal_analysis)
""2024-10-01 17:35:18,802 INFO  [restartedMain] com.karataspartners.legal_analysis.LegalAnalysisApplication:No active profile set, falling back to 1 default profile: "default"
""2024-10-01 17:35:18,919 INFO  [restartedMain] org.springframework.boot.devtools.env.DevToolsPropertyDefaultsPostProcessor:Devtools property defaults active! Set 'spring.devtools.add-properties' to 'false' to disable
""2024-10-01 17:35:18,919 INFO  [restartedMain] org.springframework.boot.devtools.env.DevToolsPropertyDefaultsPostProcessor:For additional web related logging consider setting the 'logging.level.web' property to 'DEBUG'
""2024-10-01 17:35:20,654 INFO  [restartedMain] org.springframework.data.repository.config.RepositoryConfigurationDelegate:Bootstrapping Spring Data JPA repositories in DEFAULT mode.
""2024-10-01 17:35:20,907 INFO  [restartedMain] org.springframework.data.repository.config.RepositoryConfigurationDelegate:Finished Spring Data repository scanning in 220 ms. Found 3 JPA repository interfaces.
""2024-10-01 17:35:22,740 INFO  [restartedMain] org.springframework.boot.web.embedded.tomcat.TomcatWebServer:Tomcat initialized with port 8080 (http)
""2024-10-01 17:35:22,776 INFO  [restartedMain] org.apache.catalina.core.StandardService:Starting service [Tomcat]
""2024-10-01 17:35:22,778 INFO  [restartedMain] org.apache.catalina.core.StandardEngine:Starting Servlet engine: [Apache Tomcat/10.1.30]
""2024-10-01 17:35:22,987 INFO  [restartedMain] org.apache.catalina.core.ContainerBase.[Tomcat].[localhost].[/]:Initializing Spring embedded WebApplicationContext
""2024-10-01 17:35:22,988 INFO  [restartedMain] org.springframework.boot.web.servlet.context.ServletWebServerApplicationContext:Root WebApplicationContext: initialization completed in 4067 ms
""2024-10-01 17:35:23,533 INFO  [restartedMain] org.hibernate.jpa.internal.util.LogHelper:HHH000204: Processing PersistenceUnitInfo [name: default]
""2024-10-01 17:35:23,718 INFO  [restartedMain] org.hibernate.Version:HHH000412: Hibernate ORM core version 6.4.10.Final
""2024-10-01 17:35:23,784 INFO  [restartedMain] org.hibernate.cache.internal.RegionFactoryInitiator:HHH000026: Second-level cache disabled
""2024-10-01 17:35:24,285 INFO  [restartedMain] org.springframework.orm.jpa.persistenceunit.SpringPersistenceUnitInfo:No LoadTimeWeaver setup: ignoring JPA class transformer
""2024-10-01 17:35:24,361 INFO  [restartedMain] com.zaxxer.hikari.HikariDataSource:HikariPool-1 - Starting...
""2024-10-01 17:35:24,901 INFO  [restartedMain] com.zaxxer.hikari.pool.HikariPool:HikariPool-1 - Added connection org.postgresql.jdbc.PgConnection@56a933c4
""2024-10-01 17:35:24,904 INFO  [restartedMain] com.zaxxer.hikari.HikariDataSource:HikariPool-1 - Start completed.
""2024-10-01 17:35:24,989 WARN  [restartedMain] org.hibernate.orm.deprecation:HHH90000025: PostgreSQLDialect does not need to be specified explicitly using 'hibernate.dialect' (remove the property setting and it will be selected by default)
""2024-10-01 17:35:27,100 INFO  [restartedMain] org.hibernate.engine.transaction.jta.platform.internal.JtaPlatformInitiator:HHH000489: No JTA platform available (set 'hibernate.transaction.jta.platform' to enable JTA platform integration)
""2024-10-01 17:35:27,348 INFO  [restartedMain] org.springframework.orm.jpa.LocalContainerEntityManagerFactoryBean:Initialized JPA EntityManagerFactory for persistence unit 'default'
""2024-10-01 17:35:29,088 WARN  [restartedMain] org.springframework.boot.autoconfigure.orm.jpa.JpaBaseConfiguration$JpaWebConfiguration:spring.jpa.open-in-view is enabled by default. Therefore, database queries may be performed during view rendering. Explicitly configure spring.jpa.open-in-view to disable this warning
""2024-10-01 17:35:30,089 INFO  [restartedMain] org.springframework.boot.devtools.autoconfigure.OptionalLiveReloadServer:LiveReload server is running on port 35729
""2024-10-01 17:35:30,170 INFO  [restartedMain] org.springframework.boot.web.embedded.tomcat.TomcatWebServer:Tomcat started on port 8080 (http) with context path ''
""2024-10-01 17:35:30,187 INFO  [restartedMain] com.karataspartners.legal_analysis.LegalAnalysisApplication:Started LegalAnalysisApplication in 12.201 seconds (process running for 12.977)
""2024-10-01 17:37:28,058 INFO  [http-nio-8080-exec-1] org.apache.catalina.core.ContainerBase.[Tomcat].[localhost].[/]:Initializing Spring DispatcherServlet 'dispatcherServlet'
""2024-10-01 17:48:15,058 INFO  [SpringApplicationShutdownHook] org.springframework.orm.jpa.LocalContainerEntityManagerFactoryBean:Closing JPA EntityManagerFactory for persistence unit 'default'
""2024-10-01 17:48:15,282 INFO  [SpringApplicationShutdownHook] com.zaxxer.hikari.HikariDataSource:HikariPool-1 - Shutdown initiated...
""2024-10-01 17:48:15,346 INFO  [SpringApplicationShutdownHook] com.zaxxer.hikari.HikariDataSource:HikariPool-1 - Shutdown completed.
""2024-10-01 17:54:12,314 INFO  [restartedMain] com.karataspartners.legal_analysis.LegalAnalysisApplication:Starting LegalAnalysisApplication using Java 21.0.2 with PID 71072 (C:\Users\suleyman\Downloads\legal_analysis\legal_analysis-main\legal-analysis\target\classes started by suleyman in C:\Users\suleyman\Downloads\legal_analysis)
""2024-10-01 17:54:12,317 INFO  [restartedMain] com.karataspartners.legal_analysis.LegalAnalysisApplication:No active profile set, falling back to 1 default profile: "default"
""2024-10-01 17:54:12,377 INFO  [restartedMain] org.springframework.boot.devtools.env.DevToolsPropertyDefaultsPostProcessor:Devtools property defaults active! Set 'spring.devtools.add-properties' to 'false' to disable
""2024-10-01 17:54:12,377 INFO  [restartedMain] org.springframework.boot.devtools.env.DevToolsPropertyDefaultsPostProcessor:For additional web related logging consider setting the 'logging.level.web' property to 'DEBUG'
""2024-10-01 17:54:13,569 INFO  [restartedMain] org.springframework.data.repository.config.RepositoryConfigurationDelegate:Bootstrapping Spring Data JPA repositories in DEFAULT mode.
""2024-10-01 17:54:13,680 INFO  [restartedMain] org.springframework.data.repository.config.RepositoryConfigurationDelegate:Finished Spring Data repository scanning in 98 ms. Found 3 JPA repository interfaces.
""2024-10-01 17:54:14,766 INFO  [restartedMain] org.springframework.boot.web.embedded.tomcat.TomcatWebServer:Tomcat initialized with port 8080 (http)
""2024-10-01 17:54:14,786 INFO  [restartedMain] org.apache.catalina.core.StandardService:Starting service [Tomcat]
""2024-10-01 17:54:14,786 INFO  [restartedMain] org.apache.catalina.core.StandardEngine:Starting Servlet engine: [Apache Tomcat/10.1.30]
""2024-10-01 17:54:14,853 INFO  [restartedMain] org.apache.catalina.core.ContainerBase.[Tomcat].[localhost].[/]:Initializing Spring embedded WebApplicationContext
""2024-10-01 17:54:14,853 INFO  [restartedMain] org.springframework.boot.web.servlet.context.ServletWebServerApplicationContext:Root WebApplicationContext: initialization completed in 2475 ms
""2024-10-01 17:54:15,047 INFO  [restartedMain] org.hibernate.jpa.internal.util.LogHelper:HHH000204: Processing PersistenceUnitInfo [name: default]
""2024-10-01 17:54:15,123 INFO  [restartedMain] org.hibernate.Version:HHH000412: Hibernate ORM core version 6.4.10.Final
""2024-10-01 17:54:15,167 INFO  [restartedMain] org.hibernate.cache.internal.RegionFactoryInitiator:HHH000026: Second-level cache disabled
""2024-10-01 17:54:15,465 INFO  [restartedMain] org.springframework.orm.jpa.persistenceunit.SpringPersistenceUnitInfo:No LoadTimeWeaver setup: ignoring JPA class transformer
""2024-10-01 17:54:15,522 INFO  [restartedMain] com.zaxxer.hikari.HikariDataSource:HikariPool-1 - Starting...
""2024-10-01 17:54:16,130 INFO  [restartedMain] com.zaxxer.hikari.pool.HikariPool:HikariPool-1 - Added connection org.postgresql.jdbc.PgConnection@18b315dd
""2024-10-01 17:54:16,133 INFO  [restartedMain] com.zaxxer.hikari.HikariDataSource:HikariPool-1 - Start completed.
""2024-10-01 17:54:16,276 WARN  [restartedMain] org.hibernate.orm.deprecation:HHH90000025: PostgreSQLDialect does not need to be specified explicitly using 'hibernate.dialect' (remove the property setting and it will be selected by default)
""2024-10-01 17:54:19,064 INFO  [restartedMain] org.hibernate.engine.transaction.jta.platform.internal.JtaPlatformInitiator:HHH000489: No JTA platform available (set 'hibernate.transaction.jta.platform' to enable JTA platform integration)
""2024-10-01 17:54:19,301 INFO  [restartedMain] org.springframework.orm.jpa.LocalContainerEntityManagerFactoryBean:Initialized JPA EntityManagerFactory for persistence unit 'default'
""2024-10-01 17:54:20,173 WARN  [restartedMain] org.springframework.boot.autoconfigure.orm.jpa.JpaBaseConfiguration$JpaWebConfiguration:spring.jpa.open-in-view is enabled by default. Therefore, database queries may be performed during view rendering. Explicitly configure spring.jpa.open-in-view to disable this warning
""2024-10-01 17:54:20,830 INFO  [restartedMain] org.springframework.boot.devtools.autoconfigure.OptionalLiveReloadServer:LiveReload server is running on port 35729
""2024-10-01 17:54:20,900 INFO  [restartedMain] org.springframework.boot.web.embedded.tomcat.TomcatWebServer:Tomcat started on port 8080 (http) with context path ''
""2024-10-01 17:54:20,917 INFO  [restartedMain] com.karataspartners.legal_analysis.LegalAnalysisApplication:Started LegalAnalysisApplication in 9.172 seconds (process running for 9.965)
""2024-10-01 17:55:41,823 INFO  [http-nio-8080-exec-1] org.apache.catalina.core.ContainerBase.[Tomcat].[localhost].[/]:Initializing Spring DispatcherServlet 'dispatcherServlet'
""2024-10-01 18:11:34,409 WARN  [HikariPool-1 housekeeper] com.zaxxer.hikari.pool.HikariPool:HikariPool-1 - Thread starvation or clock leap detected (housekeeper delta=4m47s918ms928µs900ns).
""2024-10-01 18:11:40,638 INFO  [SpringApplicationShutdownHook] org.springframework.orm.jpa.LocalContainerEntityManagerFactoryBean:Closing JPA EntityManagerFactory for persistence unit 'default'
""2024-10-01 18:11:40,830 INFO  [SpringApplicationShutdownHook] com.zaxxer.hikari.HikariDataSource:HikariPool-1 - Shutdown initiated...
""2024-10-01 18:11:40,904 INFO  [SpringApplicationShutdownHook] com.zaxxer.hikari.HikariDataSource:HikariPool-1 - Shutdown completed.
""2024-10-01 20:11:43,890 INFO  [restartedMain] com.karataspartners.legal_analysis.LegalAnalysisApplication:Starting LegalAnalysisApplication using Java 21.0.2 with PID 10400 (C:\Users\suleyman\Downloads\legal_analysis\legal_analysis-main\legal-analysis\target\classes started by suleyman in C:\Users\suleyman\Downloads\legal_analysis)
""2024-10-01 20:11:43,893 INFO  [restartedMain] com.karataspartners.legal_analysis.LegalAnalysisApplication:No active profile set, falling back to 1 default profile: "default"
""2024-10-01 20:11:43,993 INFO  [restartedMain] org.springframework.boot.devtools.env.DevToolsPropertyDefaultsPostProcessor:Devtools property defaults active! Set 'spring.devtools.add-properties' to 'false' to disable
""2024-10-01 20:11:43,994 INFO  [restartedMain] org.springframework.boot.devtools.env.DevToolsPropertyDefaultsPostProcessor:For additional web related logging consider setting the 'logging.level.web' property to 'DEBUG'
""2024-10-01 20:11:45,286 INFO  [restartedMain] org.springframework.data.repository.config.RepositoryConfigurationDelegate:Bootstrapping Spring Data JPA repositories in DEFAULT mode.
""2024-10-01 20:11:45,453 INFO  [restartedMain] org.springframework.data.repository.config.RepositoryConfigurationDelegate:Finished Spring Data repository scanning in 152 ms. Found 3 JPA repository interfaces.
""2024-10-01 20:11:46,528 INFO  [restartedMain] org.springframework.boot.web.embedded.tomcat.TomcatWebServer:Tomcat initialized with port 8080 (http)
""2024-10-01 20:11:46,557 INFO  [restartedMain] org.apache.catalina.core.StandardService:Starting service [Tomcat]
""2024-10-01 20:11:46,558 INFO  [restartedMain] org.apache.catalina.core.StandardEngine:Starting Servlet engine: [Apache Tomcat/10.1.30]
""2024-10-01 20:11:46,644 INFO  [restartedMain] org.apache.catalina.core.ContainerBase.[Tomcat].[localhost].[/]:Initializing Spring embedded WebApplicationContext
""2024-10-01 20:11:46,645 INFO  [restartedMain] org.springframework.boot.web.servlet.context.ServletWebServerApplicationContext:Root WebApplicationContext: initialization completed in 2650 ms
""2024-10-01 20:11:46,917 INFO  [restartedMain] org.hibernate.jpa.internal.util.LogHelper:HHH000204: Processing PersistenceUnitInfo [name: default]
""2024-10-01 20:11:47,030 INFO  [restartedMain] org.hibernate.Version:HHH000412: Hibernate ORM core version 6.4.10.Final
""2024-10-01 20:11:47,091 INFO  [restartedMain] org.hibernate.cache.internal.RegionFactoryInitiator:HHH000026: Second-level cache disabled
""2024-10-01 20:11:47,451 INFO  [restartedMain] org.springframework.orm.jpa.persistenceunit.SpringPersistenceUnitInfo:No LoadTimeWeaver setup: ignoring JPA class transformer
""2024-10-01 20:11:47,499 INFO  [restartedMain] com.zaxxer.hikari.HikariDataSource:HikariPool-1 - Starting...
""2024-10-01 20:11:47,832 INFO  [restartedMain] com.zaxxer.hikari.pool.HikariPool:HikariPool-1 - Added connection org.postgresql.jdbc.PgConnection@277abea9
""2024-10-01 20:11:47,835 INFO  [restartedMain] com.zaxxer.hikari.HikariDataSource:HikariPool-1 - Start completed.
""2024-10-01 20:11:47,887 WARN  [restartedMain] org.hibernate.orm.deprecation:HHH90000025: PostgreSQLDialect does not need to be specified explicitly using 'hibernate.dialect' (remove the property setting and it will be selected by default)
""2024-10-01 20:11:49,054 INFO  [restartedMain] org.hibernate.engine.transaction.jta.platform.internal.JtaPlatformInitiator:HHH000489: No JTA platform available (set 'hibernate.transaction.jta.platform' to enable JTA platform integration)
""2024-10-01 20:11:49,224 INFO  [restartedMain] org.springframework.orm.jpa.LocalContainerEntityManagerFactoryBean:Initialized JPA EntityManagerFactory for persistence unit 'default'
""2024-10-01 20:11:49,762 WARN  [restartedMain] org.springframework.boot.autoconfigure.orm.jpa.JpaBaseConfiguration$JpaWebConfiguration:spring.jpa.open-in-view is enabled by default. Therefore, database queries may be performed during view rendering. Explicitly configure spring.jpa.open-in-view to disable this warning
""2024-10-01 20:11:50,293 INFO  [restartedMain] org.springframework.boot.devtools.autoconfigure.OptionalLiveReloadServer:LiveReload server is running on port 35729
""2024-10-01 20:11:50,348 INFO  [restartedMain] org.springframework.boot.web.embedded.tomcat.TomcatWebServer:Tomcat started on port 8080 (http) with context path ''
""2024-10-01 20:11:50,358 INFO  [restartedMain] com.karataspartners.legal_analysis.LegalAnalysisApplication:Started LegalAnalysisApplication in 7.537 seconds (process running for 8.923)
""2024-10-01 20:12:07,360 INFO  [http-nio-8080-exec-3] org.apache.catalina.core.ContainerBase.[Tomcat].[localhost].[/]:Initializing Spring DispatcherServlet 'dispatcherServlet'
""2024-10-01 20:31:11,989 INFO  [SpringApplicationShutdownHook] org.springframework.orm.jpa.LocalContainerEntityManagerFactoryBean:Closing JPA EntityManagerFactory for persistence unit 'default'
""2024-10-01 20:31:12,058 INFO  [SpringApplicationShutdownHook] com.zaxxer.hikari.HikariDataSource:HikariPool-1 - Shutdown initiated...
""2024-10-01 20:31:12,076 INFO  [SpringApplicationShutdownHook] com.zaxxer.hikari.HikariDataSource:HikariPool-1 - Shutdown completed.
""2024-10-01 20:31:52,483 INFO  [restartedMain] com.karataspartners.legal_analysis.LegalAnalysisApplication:Starting LegalAnalysisApplication using Java 21.0.2 with PID 55172 (C:\Users\suleyman\Downloads\legal_analysis\legal_analysis-main\legal-analysis\target\classes started by suleyman in C:\Users\suleyman\Downloads\legal_analysis)
""2024-10-01 20:31:52,488 INFO  [restartedMain] com.karataspartners.legal_analysis.LegalAnalysisApplication:No active profile set, falling back to 1 default profile: "default"
""2024-10-01 20:31:52,608 INFO  [restartedMain] org.springframework.boot.devtools.env.DevToolsPropertyDefaultsPostProcessor:Devtools property defaults active! Set 'spring.devtools.add-properties' to 'false' to disable
""2024-10-01 20:31:52,608 INFO  [restartedMain] org.springframework.boot.devtools.env.DevToolsPropertyDefaultsPostProcessor:For additional web related logging consider setting the 'logging.level.web' property to 'DEBUG'
""2024-10-01 20:31:53,885 INFO  [restartedMain] org.springframework.data.repository.config.RepositoryConfigurationDelegate:Bootstrapping Spring Data JPA repositories in DEFAULT mode.
""2024-10-01 20:31:54,108 INFO  [restartedMain] org.springframework.data.repository.config.RepositoryConfigurationDelegate:Finished Spring Data repository scanning in 203 ms. Found 3 JPA repository interfaces.
""2024-10-01 20:31:55,135 INFO  [restartedMain] org.springframework.boot.web.embedded.tomcat.TomcatWebServer:Tomcat initialized with port 8080 (http)
""2024-10-01 20:31:55,161 INFO  [restartedMain] org.apache.catalina.core.StandardService:Starting service [Tomcat]
""2024-10-01 20:31:55,161 INFO  [restartedMain] org.apache.catalina.core.StandardEngine:Starting Servlet engine: [Apache Tomcat/10.1.30]
""2024-10-01 20:31:55,255 INFO  [restartedMain] org.apache.catalina.core.ContainerBase.[Tomcat].[localhost].[/]:Initializing Spring embedded WebApplicationContext
""2024-10-01 20:31:55,255 INFO  [restartedMain] org.springframework.boot.web.servlet.context.ServletWebServerApplicationContext:Root WebApplicationContext: initialization completed in 2644 ms
""2024-10-01 20:31:55,530 INFO  [restartedMain] org.hibernate.jpa.internal.util.LogHelper:HHH000204: Processing PersistenceUnitInfo [name: default]
""2024-10-01 20:31:55,691 INFO  [restartedMain] org.hibernate.Version:HHH000412: Hibernate ORM core version 6.4.10.Final
""2024-10-01 20:31:55,751 INFO  [restartedMain] org.hibernate.cache.internal.RegionFactoryInitiator:HHH000026: Second-level cache disabled
""2024-10-01 20:31:56,198 INFO  [restartedMain] org.springframework.orm.jpa.persistenceunit.SpringPersistenceUnitInfo:No LoadTimeWeaver setup: ignoring JPA class transformer
""2024-10-01 20:31:56,263 INFO  [restartedMain] com.zaxxer.hikari.HikariDataSource:HikariPool-1 - Starting...
""2024-10-01 20:31:56,691 INFO  [restartedMain] com.zaxxer.hikari.pool.HikariPool:HikariPool-1 - Added connection org.postgresql.jdbc.PgConnection@463a7d95
""2024-10-01 20:31:56,693 INFO  [restartedMain] com.zaxxer.hikari.HikariDataSource:HikariPool-1 - Start completed.
""2024-10-01 20:31:56,752 WARN  [restartedMain] org.hibernate.orm.deprecation:HHH90000025: PostgreSQLDialect does not need to be specified explicitly using 'hibernate.dialect' (remove the property setting and it will be selected by default)
""2024-10-01 20:31:57,913 INFO  [restartedMain] org.hibernate.engine.transaction.jta.platform.internal.JtaPlatformInitiator:HHH000489: No JTA platform available (set 'hibernate.transaction.jta.platform' to enable JTA platform integration)
""2024-10-01 20:31:58,052 INFO  [restartedMain] org.springframework.orm.jpa.LocalContainerEntityManagerFactoryBean:Initialized JPA EntityManagerFactory for persistence unit 'default'
""2024-10-01 20:31:58,563 WARN  [restartedMain] org.springframework.boot.autoconfigure.orm.jpa.JpaBaseConfiguration$JpaWebConfiguration:spring.jpa.open-in-view is enabled by default. Therefore, database queries may be performed during view rendering. Explicitly configure spring.jpa.open-in-view to disable this warning
""2024-10-01 20:31:59,436 INFO  [restartedMain] org.springframework.boot.devtools.autoconfigure.OptionalLiveReloadServer:LiveReload server is running on port 35729
""2024-10-01 20:31:59,596 INFO  [restartedMain] org.springframework.boot.web.embedded.tomcat.TomcatWebServer:Tomcat started on port 8080 (http) with context path ''
""2024-10-01 20:31:59,620 INFO  [restartedMain] com.karataspartners.legal_analysis.LegalAnalysisApplication:Started LegalAnalysisApplication in 7.924 seconds (process running for 9.001)
""2024-10-01 20:32:44,810 INFO  [http-nio-8080-exec-1] org.apache.catalina.core.ContainerBase.[Tomcat].[localhost].[/]:Initializing Spring DispatcherServlet 'dispatcherServlet'
""2024-10-01 20:49:32,334 INFO  [SpringApplicationShutdownHook] org.springframework.orm.jpa.LocalContainerEntityManagerFactoryBean:Closing JPA EntityManagerFactory for persistence unit 'default'
""2024-10-01 20:49:32,447 INFO  [SpringApplicationShutdownHook] com.zaxxer.hikari.HikariDataSource:HikariPool-1 - Shutdown initiated...
""2024-10-01 20:49:32,479 INFO  [SpringApplicationShutdownHook] com.zaxxer.hikari.HikariDataSource:HikariPool-1 - Shutdown completed.
""2024-10-01 21:00:09,893 INFO  [restartedMain] com.karataspartners.legal_analysis.LegalAnalysisApplication:Starting LegalAnalysisApplication using Java 21.0.2 with PID 75116 (C:\Users\suleyman\Downloads\legal_analysis\legal_analysis-main\legal-analysis\target\classes started by suleyman in C:\Users\suleyman\Downloads\legal_analysis)
""2024-10-01 21:00:09,897 INFO  [restartedMain] com.karataspartners.legal_analysis.LegalAnalysisApplication:No active profile set, falling back to 1 default profile: "default"
""2024-10-01 21:00:09,966 INFO  [restartedMain] org.springframework.boot.devtools.env.DevToolsPropertyDefaultsPostProcessor:Devtools property defaults active! Set 'spring.devtools.add-properties' to 'false' to disable
""2024-10-01 21:00:09,967 INFO  [restartedMain] org.springframework.boot.devtools.env.DevToolsPropertyDefaultsPostProcessor:For additional web related logging consider setting the 'logging.level.web' property to 'DEBUG'
""2024-10-01 21:00:11,026 INFO  [restartedMain] org.springframework.data.repository.config.RepositoryConfigurationDelegate:Bootstrapping Spring Data JPA repositories in DEFAULT mode.
""2024-10-01 21:00:11,140 INFO  [restartedMain] org.springframework.data.repository.config.RepositoryConfigurationDelegate:Finished Spring Data repository scanning in 102 ms. Found 3 JPA repository interfaces.
""2024-10-01 21:00:11,920 INFO  [restartedMain] org.springframework.boot.web.embedded.tomcat.TomcatWebServer:Tomcat initialized with port 8080 (http)
""2024-10-01 21:00:11,942 INFO  [restartedMain] org.apache.catalina.core.StandardService:Starting service [Tomcat]
""2024-10-01 21:00:11,943 INFO  [restartedMain] org.apache.catalina.core.StandardEngine:Starting Servlet engine: [Apache Tomcat/10.1.30]
""2024-10-01 21:00:12,015 INFO  [restartedMain] org.apache.catalina.core.ContainerBase.[Tomcat].[localhost].[/]:Initializing Spring embedded WebApplicationContext
""2024-10-01 21:00:12,015 INFO  [restartedMain] org.springframework.boot.web.servlet.context.ServletWebServerApplicationContext:Root WebApplicationContext: initialization completed in 2048 ms
""2024-10-01 21:00:12,247 INFO  [restartedMain] org.hibernate.jpa.internal.util.LogHelper:HHH000204: Processing PersistenceUnitInfo [name: default]
""2024-10-01 21:00:12,343 INFO  [restartedMain] org.hibernate.Version:HHH000412: Hibernate ORM core version 6.4.10.Final
""2024-10-01 21:00:12,390 INFO  [restartedMain] org.hibernate.cache.internal.RegionFactoryInitiator:HHH000026: Second-level cache disabled
""2024-10-01 21:00:12,704 INFO  [restartedMain] org.springframework.orm.jpa.persistenceunit.SpringPersistenceUnitInfo:No LoadTimeWeaver setup: ignoring JPA class transformer
""2024-10-01 21:00:12,745 INFO  [restartedMain] com.zaxxer.hikari.HikariDataSource:HikariPool-1 - Starting...
""2024-10-01 21:00:13,196 INFO  [restartedMain] com.zaxxer.hikari.pool.HikariPool:HikariPool-1 - Added connection org.postgresql.jdbc.PgConnection@2d0f9655
""2024-10-01 21:00:13,197 INFO  [restartedMain] com.zaxxer.hikari.HikariDataSource:HikariPool-1 - Start completed.
""2024-10-01 21:00:13,246 WARN  [restartedMain] org.hibernate.orm.deprecation:HHH90000025: PostgreSQLDialect does not need to be specified explicitly using 'hibernate.dialect' (remove the property setting and it will be selected by default)
""2024-10-01 21:00:14,660 INFO  [restartedMain] org.hibernate.engine.transaction.jta.platform.internal.JtaPlatformInitiator:HHH000489: No JTA platform available (set 'hibernate.transaction.jta.platform' to enable JTA platform integration)
""2024-10-01 21:00:14,850 INFO  [restartedMain] org.springframework.orm.jpa.LocalContainerEntityManagerFactoryBean:Initialized JPA EntityManagerFactory for persistence unit 'default'
""2024-10-01 21:00:15,586 WARN  [restartedMain] org.springframework.boot.autoconfigure.orm.jpa.JpaBaseConfiguration$JpaWebConfiguration:spring.jpa.open-in-view is enabled by default. Therefore, database queries may be performed during view rendering. Explicitly configure spring.jpa.open-in-view to disable this warning
""2024-10-01 21:00:16,559 INFO  [restartedMain] org.springframework.boot.devtools.autoconfigure.OptionalLiveReloadServer:LiveReload server is running on port 35729
""2024-10-01 21:00:16,682 INFO  [restartedMain] org.springframework.boot.web.embedded.tomcat.TomcatWebServer:Tomcat started on port 8080 (http) with context path ''
""2024-10-01 21:00:16,708 INFO  [restartedMain] com.karataspartners.legal_analysis.LegalAnalysisApplication:Started LegalAnalysisApplication in 7.485 seconds (process running for 8.296)
""2024-10-01 21:00:22,340 INFO  [http-nio-8080-exec-3] org.apache.catalina.core.ContainerBase.[Tomcat].[localhost].[/]:Initializing Spring DispatcherServlet 'dispatcherServlet'
""2024-10-01 21:16:32,718 INFO  [SpringApplicationShutdownHook] org.springframework.orm.jpa.LocalContainerEntityManagerFactoryBean:Closing JPA EntityManagerFactory for persistence unit 'default'
""2024-10-01 21:16:33,041 INFO  [SpringApplicationShutdownHook] com.zaxxer.hikari.HikariDataSource:HikariPool-1 - Shutdown initiated...
""2024-10-01 21:16:33,158 INFO  [SpringApplicationShutdownHook] com.zaxxer.hikari.HikariDataSource:HikariPool-1 - Shutdown completed.
"