"2024-09-30 11:22:53,872 INFO  [restartedMain] com.karataspartners.legal_analysis.LegalAnalysisApplication:Starting LegalAnalysisApplication using Java 17.0.9 with PID 54680 (C:\Users\suleyman\OneDrive\Masaüstü\legal-analysis\legal-analysis\target\classes started by suleyman in C:\Users\suleyman\OneDrive\Masaüstü\legal-analysis)
""2024-09-30 11:22:53,901 INFO  [restartedMain] com.karataspartners.legal_analysis.LegalAnalysisApplication:No active profile set, falling back to 1 default profile: "default"
""2024-09-30 11:22:54,056 INFO  [restartedMain] org.springframework.boot.devtools.env.DevToolsPropertyDefaultsPostProcessor:Devtools property defaults active! Set 'spring.devtools.add-properties' to 'false' to disable
""2024-09-30 11:22:54,061 INFO  [restartedMain] org.springframework.boot.devtools.env.DevToolsPropertyDefaultsPostProcessor:For additional web related logging consider setting the 'logging.level.web' property to 'DEBUG'
""2024-09-30 11:22:55,453 INFO  [restartedMain] org.springframework.data.repository.config.RepositoryConfigurationDelegate:Bootstrapping Spring Data JPA repositories in DEFAULT mode.
""2024-09-30 11:22:55,617 INFO  [restartedMain] org.springframework.data.repository.config.RepositoryConfigurationDelegate:Finished Spring Data repository scanning in 147 ms. Found 3 JPA repository interfaces.
""2024-09-30 11:22:56,885 INFO  [restartedMain] org.springframework.boot.web.embedded.tomcat.TomcatWebServer:Tomcat initialized with port 8080 (http)
""2024-09-30 11:22:56,913 INFO  [restartedMain] org.apache.catalina.core.StandardService:Starting service [Tomcat]
""2024-09-30 11:22:56,914 INFO  [restartedMain] org.apache.catalina.core.StandardEngine:Starting Servlet engine: [Apache Tomcat/10.1.30]
""2024-09-30 11:22:57,008 INFO  [restartedMain] org.apache.catalina.core.ContainerBase.[Tomcat].[localhost].[/]:Initializing Spring embedded WebApplicationContext
""2024-09-30 11:22:57,008 INFO  [restartedMain] org.springframework.boot.web.servlet.context.ServletWebServerApplicationContext:Root WebApplicationContext: initialization completed in 2946 ms
""2024-09-30 11:22:57,278 INFO  [restartedMain] org.hibernate.jpa.internal.util.LogHelper:HHH000204: Processing PersistenceUnitInfo [name: default]
""2024-09-30 11:22:57,377 INFO  [restartedMain] org.hibernate.Version:HHH000412: Hibernate ORM core version 6.4.10.Final
""2024-09-30 11:22:57,431 INFO  [restartedMain] org.hibernate.cache.internal.RegionFactoryInitiator:HHH000026: Second-level cache disabled
""2024-09-30 11:22:57,741 INFO  [restartedMain] org.springframework.orm.jpa.persistenceunit.SpringPersistenceUnitInfo:No LoadTimeWeaver setup: ignoring JPA class transformer
""2024-09-30 11:22:57,786 INFO  [restartedMain] com.zaxxer.hikari.HikariDataSource:HikariPool-1 - Starting...
""2024-09-30 11:22:58,200 INFO  [restartedMain] com.zaxxer.hikari.pool.HikariPool:HikariPool-1 - Added connection org.postgresql.jdbc.PgConnection@4812d13e
""2024-09-30 11:22:58,203 INFO  [restartedMain] com.zaxxer.hikari.HikariDataSource:HikariPool-1 - Start completed.
""2024-09-30 11:22:58,287 WARN  [restartedMain] org.hibernate.orm.deprecation:HHH90000025: PostgreSQLDialect does not need to be specified explicitly using 'hibernate.dialect' (remove the property setting and it will be selected by default)
""2024-09-30 11:23:00,034 INFO  [restartedMain] org.hibernate.engine.transaction.jta.platform.internal.JtaPlatformInitiator:HHH000489: No JTA platform available (set 'hibernate.transaction.jta.platform' to enable JTA platform integration)
""2024-09-30 11:23:00,540 INFO  [restartedMain] org.springframework.orm.jpa.LocalContainerEntityManagerFactoryBean:Initialized JPA EntityManagerFactory for persistence unit 'default'
""2024-09-30 11:23:01,312 WARN  [restartedMain] org.springframework.boot.autoconfigure.orm.jpa.JpaBaseConfiguration$JpaWebConfiguration:spring.jpa.open-in-view is enabled by default. Therefore, database queries may be performed during view rendering. Explicitly configure spring.jpa.open-in-view to disable this warning
""2024-09-30 11:23:01,860 INFO  [restartedMain] org.springframework.boot.devtools.autoconfigure.OptionalLiveReloadServer:LiveReload server is running on port 35729
""2024-09-30 11:23:01,941 INFO  [restartedMain] org.springframework.boot.web.embedded.tomcat.TomcatWebServer:Tomcat started on port 8080 (http) with context path ''
""2024-09-30 11:23:01,957 INFO  [restartedMain] com.karataspartners.legal_analysis.LegalAnalysisApplication:Started LegalAnalysisApplication in 9.075 seconds (process running for 10.077)
""2024-09-30 11:27:38,471 INFO  [SpringApplicationShutdownHook] org.springframework.orm.jpa.LocalContainerEntityManagerFactoryBean:Closing JPA EntityManagerFactory for persistence unit 'default'
""2024-09-30 11:27:38,516 INFO  [SpringApplicationShutdownHook] com.zaxxer.hikari.HikariDataSource:HikariPool-1 - Shutdown initiated...
""2024-09-30 11:27:38,532 INFO  [SpringApplicationShutdownHook] com.zaxxer.hikari.HikariDataSource:HikariPool-1 - Shutdown completed.
""2024-09-30 11:30:20,296 INFO  [restartedMain] com.karataspartners.legal_analysis.LegalAnalysisApplication:Starting LegalAnalysisApplication using Java 17.0.9 with PID 52884 (C:\Users\suleyman\OneDrive\Masaüstü\legal-analysis\legal-analysis\target\classes started by suleyman in C:\Users\suleyman\OneDrive\Masaüstü\legal-analysis)
""2024-09-30 11:30:20,301 INFO  [restartedMain] com.karataspartners.legal_analysis.LegalAnalysisApplication:No active profile set, falling back to 1 default profile: "default"
""2024-09-30 11:30:20,406 INFO  [restartedMain] org.springframework.boot.devtools.env.DevToolsPropertyDefaultsPostProcessor:Devtools property defaults active! Set 'spring.devtools.add-properties' to 'false' to disable
""2024-09-30 11:30:20,407 INFO  [restartedMain] org.springframework.boot.devtools.env.DevToolsPropertyDefaultsPostProcessor:For additional web related logging consider setting the 'logging.level.web' property to 'DEBUG'
""2024-09-30 11:30:21,830 INFO  [restartedMain] org.springframework.data.repository.config.RepositoryConfigurationDelegate:Bootstrapping Spring Data JPA repositories in DEFAULT mode.
""2024-09-30 11:30:21,992 INFO  [restartedMain] org.springframework.data.repository.config.RepositoryConfigurationDelegate:Finished Spring Data repository scanning in 145 ms. Found 3 JPA repository interfaces.
""2024-09-30 11:30:23,368 INFO  [restartedMain] org.springframework.boot.web.embedded.tomcat.TomcatWebServer:Tomcat initialized with port 8080 (http)
""2024-09-30 11:30:23,393 INFO  [restartedMain] org.apache.catalina.core.StandardService:Starting service [Tomcat]
""2024-09-30 11:30:23,394 INFO  [restartedMain] org.apache.catalina.core.StandardEngine:Starting Servlet engine: [Apache Tomcat/10.1.30]
""2024-09-30 11:30:23,500 INFO  [restartedMain] org.apache.catalina.core.ContainerBase.[Tomcat].[localhost].[/]:Initializing Spring embedded WebApplicationContext
""2024-09-30 11:30:23,501 INFO  [restartedMain] org.springframework.boot.web.servlet.context.ServletWebServerApplicationContext:Root WebApplicationContext: initialization completed in 3093 ms
""2024-09-30 11:30:23,783 INFO  [restartedMain] org.hibernate.jpa.internal.util.LogHelper:HHH000204: Processing PersistenceUnitInfo [name: default]
""2024-09-30 11:30:23,945 INFO  [restartedMain] org.hibernate.Version:HHH000412: Hibernate ORM core version 6.4.10.Final
""2024-09-30 11:30:24,017 INFO  [restartedMain] org.hibernate.cache.internal.RegionFactoryInitiator:HHH000026: Second-level cache disabled
""2024-09-30 11:30:24,459 INFO  [restartedMain] org.springframework.orm.jpa.persistenceunit.SpringPersistenceUnitInfo:No LoadTimeWeaver setup: ignoring JPA class transformer
""2024-09-30 11:30:24,504 INFO  [restartedMain] com.zaxxer.hikari.HikariDataSource:HikariPool-1 - Starting...
""2024-09-30 11:30:25,000 INFO  [restartedMain] com.zaxxer.hikari.pool.HikariPool:HikariPool-1 - Added connection org.postgresql.jdbc.PgConnection@3cbbfc77
""2024-09-30 11:30:25,002 INFO  [restartedMain] com.zaxxer.hikari.HikariDataSource:HikariPool-1 - Start completed.
""2024-09-30 11:30:25,069 WARN  [restartedMain] org.hibernate.orm.deprecation:HHH90000025: PostgreSQLDialect does not need to be specified explicitly using 'hibernate.dialect' (remove the property setting and it will be selected by default)
""2024-09-30 11:30:26,892 INFO  [restartedMain] org.hibernate.engine.transaction.jta.platform.internal.JtaPlatformInitiator:HHH000489: No JTA platform available (set 'hibernate.transaction.jta.platform' to enable JTA platform integration)
""2024-09-30 11:30:27,114 INFO  [restartedMain] org.springframework.orm.jpa.LocalContainerEntityManagerFactoryBean:Initialized JPA EntityManagerFactory for persistence unit 'default'
""2024-09-30 11:30:27,975 WARN  [restartedMain] org.springframework.boot.autoconfigure.orm.jpa.JpaBaseConfiguration$JpaWebConfiguration:spring.jpa.open-in-view is enabled by default. Therefore, database queries may be performed during view rendering. Explicitly configure spring.jpa.open-in-view to disable this warning
""2024-09-30 11:30:28,777 INFO  [restartedMain] org.springframework.boot.devtools.autoconfigure.OptionalLiveReloadServer:LiveReload server is running on port 35729
""2024-09-30 11:30:28,847 INFO  [restartedMain] org.springframework.boot.web.embedded.tomcat.TomcatWebServer:Tomcat started on port 8080 (http) with context path ''
""2024-09-30 11:30:28,872 INFO  [restartedMain] com.karataspartners.legal_analysis.LegalAnalysisApplication:Started LegalAnalysisApplication in 9.499 seconds (process running for 11.152)
""2024-09-30 11:32:07,234 INFO  [SpringApplicationShutdownHook] org.springframework.orm.jpa.LocalContainerEntityManagerFactoryBean:Closing JPA EntityManagerFactory for persistence unit 'default'
""2024-09-30 11:32:07,240 INFO  [SpringApplicationShutdownHook] com.zaxxer.hikari.HikariDataSource:HikariPool-1 - Shutdown initiated...
""2024-09-30 11:32:07,253 INFO  [SpringApplicationShutdownHook] com.zaxxer.hikari.HikariDataSource:HikariPool-1 - Shutdown completed.
"